<?xml version="1.0" encoding="UTF-8"?>
<!-- Generated by org.testng.reporters.JUnitXMLReporter -->
<testsuite ignored="0" hostname="DESKTOP-5BF502C" failures="1" tests="4" name="Error Validation Test" time="33.873" errors="0" timestamp="2024-06-06T10:44:31 CST">
  <testcase classname="devenik.Tests.ErrorValidationsTest" name="LoginErrorValidation" time="0.816">
    <skipped/>
  </testcase> <!-- LoginErrorValidation -->
  <testcase classname="devenik.Tests.ErrorValidationsTest" name="LoginErrorValidation" time="4.587">
    <failure type="java.lang.AssertionError" message="expected [Incorrect email or password.] but found [Incorrect email or passwords.]">
      <![CDATA[java.lang.AssertionError: expected [Incorrect email or password.] but found [Incorrect email or passwords.]
at devenik.Tests.ErrorValidationsTest.LoginErrorValidation(ErrorValidationsTest.java:26)
at java.base/java.util.ArrayList.forEach(ArrayList.java:1511)
at java.base/java.util.concurrent.FutureTask.run(FutureTask.java:264)
at java.base/java.util.concurrent.ThreadPoolExecutor.runWorker(ThreadPoolExecutor.java:1136)
at java.base/java.util.concurrent.ThreadPoolExecutor$Worker.run(ThreadPoolExecutor.java:635)
at java.base/java.lang.Thread.run(Thread.java:840)
... Removed 24 stack frames]]>
    </failure>
  </testcase> <!-- LoginErrorValidation -->
  <testcase classname="devenik.Tests.ErrorValidationsTest" name="productErrorValidation" time="3.27"/>
  <testcase classname="devenik.Tests.ErrorValidationsTest" name="productErrorValidation" time="6.356"/>
</testsuite> <!-- Error Validation Test -->
