<?xml version="1.0" encoding="UTF-8"?>
<testng-results ignored="0" total="7" passed="6" failed="1" skipped="0">
  <reporter-output>
  </reporter-output>
  <suite started-at="2024-06-10T15:25:10 CST" name="Suite" finished-at="2024-06-10T15:26:05 CST" duration-ms="54806">
    <groups>
      <group name="ErrorHandling">
        <method signature="ErrorValidationsTest.LoginErrorValidation()[pri:0, instance:devenik.Tests.ErrorValidationsTest@7068e664]" name="LoginErrorValidation" class="devenik.Tests.ErrorValidationsTest"/>
      </group> <!-- ErrorHandling -->
      <group name="Purchase">
        <method signature="SubmitOrderTest.SubmitOrder(java.util.HashMap)[pri:0, instance:devenik.Tests.SubmitOrderTest@6e2829c7]" name="SubmitOrder" class="devenik.Tests.SubmitOrderTest"/>
      </group> <!-- Purchase -->
    </groups>
    <test started-at="2024-06-10T15:25:10 CST" name="Error Validation Test" finished-at="2024-06-10T15:25:54 CST" duration-ms="44025">
      <class name="devenik.Tests.ErrorValidationsTest">
        <test-method is-config="true" signature="launchDriver()[pri:0, instance:devenik.Tests.ErrorValidationsTest@7068e664]" started-at="2024-06-10T15:25:10 CST" name="launchDriver" finished-at="2024-06-10T15:25:17 CST" duration-ms="7250" status="PASS">
          <reporter-output>
          </reporter-output>
        </test-method> <!-- launchDriver -->
        <test-method signature="LoginErrorValidation()[pri:0, instance:devenik.Tests.ErrorValidationsTest@7068e664]" started-at="2024-06-10T15:25:17 CST" name="LoginErrorValidation" finished-at="2024-06-10T15:25:18 CST" duration-ms="900" status="PASS">
          <reporter-output>
          </reporter-output>
        </test-method> <!-- LoginErrorValidation -->
        <test-method is-config="true" signature="closeDriver()[pri:0, instance:devenik.Tests.ErrorValidationsTest@7068e664]" started-at="2024-06-10T15:25:18 CST" name="closeDriver" finished-at="2024-06-10T15:25:19 CST" duration-ms="432" status="PASS">
          <reporter-output>
          </reporter-output>
        </test-method> <!-- closeDriver -->
        <test-method is-config="true" signature="launchDriver()[pri:0, instance:devenik.Tests.ErrorValidationsTest@7068e664]" started-at="2024-06-10T15:25:19 CST" name="launchDriver" finished-at="2024-06-10T15:25:24 CST" duration-ms="5603" status="PASS">
          <reporter-output>
          </reporter-output>
        </test-method> <!-- launchDriver -->
        <test-method signature="productErrorValidation(java.util.HashMap)[pri:0, instance:devenik.Tests.ErrorValidationsTest@7068e664]" started-at="2024-06-10T15:25:24 CST" name="productErrorValidation" data-provider="getData" finished-at="2024-06-10T15:25:31 CST" duration-ms="6813" status="PASS">
          <params>
            <param index="0">
              <value>
                <![CDATA[{password=Password123, product=ZARA COAT 3, email=devenik@email.com}]]>
              </value>
            </param>
          </params>
          <reporter-output>
          </reporter-output>
        </test-method> <!-- productErrorValidation -->
        <test-method is-config="true" signature="closeDriver()[pri:0, instance:devenik.Tests.ErrorValidationsTest@7068e664]" started-at="2024-06-10T15:25:31 CST" name="closeDriver" finished-at="2024-06-10T15:25:31 CST" duration-ms="191" status="PASS">
          <reporter-output>
          </reporter-output>
        </test-method> <!-- closeDriver -->
        <test-method is-config="true" signature="launchDriver()[pri:0, instance:devenik.Tests.ErrorValidationsTest@7068e664]" started-at="2024-06-10T15:25:31 CST" name="launchDriver" finished-at="2024-06-10T15:25:37 CST" duration-ms="5661" status="PASS">
          <reporter-output>
          </reporter-output>
        </test-method> <!-- launchDriver -->
        <test-method signature="productErrorValidation(java.util.HashMap)[pri:0, instance:devenik.Tests.ErrorValidationsTest@7068e664]" started-at="2024-06-10T15:25:37 CST" name="productErrorValidation" data-provider="getData" finished-at="2024-06-10T15:25:54 CST" duration-ms="16666" status="FAIL">
          <params>
            <param index="0">
              <value>
                <![CDATA[{password=Password456, product=ADIDAS ORIGINAL, email=devenik2@email.com}]]>
              </value>
            </param>
          </params>
          <exception class="java.lang.AssertionError">
            <message>
              <![CDATA[expected [true] but found [false]]]>
            </message>
            <full-stacktrace>
              <![CDATA[java.lang.AssertionError: expected [true] but found [false]
at org.testng.Assert.fail(Assert.java:111)
at org.testng.Assert.failNotEquals(Assert.java:1578)
at org.testng.Assert.assertTrue(Assert.java:57)
at org.testng.Assert.assertTrue(Assert.java:67)
at devenik.Tests.ErrorValidationsTest.productErrorValidation(ErrorValidationsTest.java:44)
at java.base/jdk.internal.reflect.DirectMethodHandleAccessor.invoke(DirectMethodHandleAccessor.java:103)
at java.base/java.lang.reflect.Method.invoke(Method.java:580)
at org.testng.internal.invokers.MethodInvocationHelper.invokeMethod(MethodInvocationHelper.java:141)
at org.testng.internal.invokers.TestInvoker.invokeMethod(TestInvoker.java:686)
at org.testng.internal.invokers.TestInvoker.invokeTestMethod(TestInvoker.java:230)
at org.testng.internal.invokers.MethodRunner.runInSequence(MethodRunner.java:63)
at org.testng.internal.invokers.TestInvoker$MethodInvocationAgent.invoke(TestInvoker.java:992)
at org.testng.internal.invokers.TestInvoker.invokeTestMethods(TestInvoker.java:203)
at org.testng.internal.invokers.TestMethodWorker.invokeTestMethods(TestMethodWorker.java:154)
at org.testng.internal.invokers.TestMethodWorker.run(TestMethodWorker.java:134)
at java.base/java.util.ArrayList.forEach(ArrayList.java:1597)
at org.testng.TestRunner.privateRun(TestRunner.java:739)
at org.testng.TestRunner.run(TestRunner.java:614)
at org.testng.SuiteRunner.runTest(SuiteRunner.java:421)
at org.testng.SuiteRunner$SuiteWorker.run(SuiteRunner.java:463)
at org.testng.internal.thread.ThreadUtil.lambda$execute$0(ThreadUtil.java:64)
at java.base/java.util.concurrent.FutureTask.run(FutureTask.java:317)
at java.base/java.util.concurrent.ThreadPoolExecutor.runWorker(ThreadPoolExecutor.java:1144)
at java.base/java.util.concurrent.ThreadPoolExecutor$Worker.run(ThreadPoolExecutor.java:642)
at java.base/java.lang.Thread.run(Thread.java:1570)
]]>
            </full-stacktrace>
          </exception> <!-- java.lang.AssertionError -->
          <reporter-output>
          </reporter-output>
        </test-method> <!-- productErrorValidation -->
        <test-method is-config="true" signature="closeDriver()[pri:0, instance:devenik.Tests.ErrorValidationsTest@7068e664]" started-at="2024-06-10T15:25:54 CST" name="closeDriver" finished-at="2024-06-10T15:25:54 CST" duration-ms="195" status="PASS">
          <reporter-output>
          </reporter-output>
        </test-method> <!-- closeDriver -->
      </class> <!-- devenik.Tests.ErrorValidationsTest -->
    </test> <!-- Error Validation Test -->
    <test started-at="2024-06-10T15:25:10 CST" name="Submit Order Test" finished-at="2024-06-10T15:26:05 CST" duration-ms="54806">
      <class name="devenik.Tests.SubmitOrderTest">
        <test-method is-config="true" signature="launchDriver()[pri:0, instance:devenik.Tests.SubmitOrderTest@6e2829c7]" started-at="2024-06-10T15:25:10 CST" name="launchDriver" finished-at="2024-06-10T15:25:17 CST" duration-ms="6949" status="PASS">
          <reporter-output>
          </reporter-output>
        </test-method> <!-- launchDriver -->
        <test-method signature="SubmitOrder(java.util.HashMap)[pri:0, instance:devenik.Tests.SubmitOrderTest@6e2829c7]" started-at="2024-06-10T15:25:17 CST" name="SubmitOrder" data-provider="getData" finished-at="2024-06-10T15:25:37 CST" duration-ms="19472" status="PASS">
          <params>
            <param index="0">
              <value>
                <![CDATA[{password=Password123, product=ZARA COAT 3, email=devenik@email.com}]]>
              </value>
            </param>
          </params>
          <reporter-output>
          </reporter-output>
        </test-method> <!-- SubmitOrder -->
        <test-method is-config="true" signature="closeDriver()[pri:0, instance:devenik.Tests.SubmitOrderTest@6e2829c7]" started-at="2024-06-10T15:25:37 CST" name="closeDriver" finished-at="2024-06-10T15:25:37 CST" duration-ms="434" status="PASS">
          <reporter-output>
          </reporter-output>
        </test-method> <!-- closeDriver -->
        <test-method is-config="true" signature="launchDriver()[pri:0, instance:devenik.Tests.SubmitOrderTest@6e2829c7]" started-at="2024-06-10T15:25:37 CST" name="launchDriver" finished-at="2024-06-10T15:25:43 CST" duration-ms="5804" status="PASS">
          <reporter-output>
          </reporter-output>
        </test-method> <!-- launchDriver -->
        <test-method signature="SubmitOrder(java.util.HashMap)[pri:0, instance:devenik.Tests.SubmitOrderTest@6e2829c7]" started-at="2024-06-10T15:25:43 CST" name="SubmitOrder" data-provider="getData" finished-at="2024-06-10T15:25:51 CST" duration-ms="8142" status="PASS">
          <params>
            <param index="0">
              <value>
                <![CDATA[{password=Password456, product=ADIDAS ORIGINAL, email=devenik2@email.com}]]>
              </value>
            </param>
          </params>
          <reporter-output>
          </reporter-output>
        </test-method> <!-- SubmitOrder -->
        <test-method is-config="true" signature="closeDriver()[pri:0, instance:devenik.Tests.SubmitOrderTest@6e2829c7]" started-at="2024-06-10T15:25:51 CST" name="closeDriver" finished-at="2024-06-10T15:25:51 CST" duration-ms="191" status="PASS">
          <reporter-output>
          </reporter-output>
        </test-method> <!-- closeDriver -->
        <test-method is-config="true" signature="launchDriver()[pri:0, instance:devenik.Tests.SubmitOrderTest@6e2829c7]" started-at="2024-06-10T15:25:51 CST" name="launchDriver" finished-at="2024-06-10T15:25:57 CST" duration-ms="5309" status="PASS">
          <reporter-output>
          </reporter-output>
        </test-method> <!-- launchDriver -->
        <test-method signature="OrderHistoryTest(java.util.HashMap)[pri:0, instance:devenik.Tests.SubmitOrderTest@6e2829c7]" started-at="2024-06-10T15:25:57 CST" name="OrderHistoryTest" data-provider="getData" finished-at="2024-06-10T15:25:58 CST" depends-on-methods="devenik.Tests.SubmitOrderTest.SubmitOrder" duration-ms="1259" status="PASS">
          <params>
            <param index="0">
              <value>
                <![CDATA[{password=Password123, product=ZARA COAT 3, email=devenik@email.com}]]>
              </value>
            </param>
          </params>
          <reporter-output>
          </reporter-output>
        </test-method> <!-- OrderHistoryTest -->
        <test-method is-config="true" signature="closeDriver()[pri:0, instance:devenik.Tests.SubmitOrderTest@6e2829c7]" started-at="2024-06-10T15:25:58 CST" name="closeDriver" finished-at="2024-06-10T15:25:58 CST" duration-ms="129" status="PASS">
          <reporter-output>
          </reporter-output>
        </test-method> <!-- closeDriver -->
        <test-method is-config="true" signature="launchDriver()[pri:0, instance:devenik.Tests.SubmitOrderTest@6e2829c7]" started-at="2024-06-10T15:25:58 CST" name="launchDriver" finished-at="2024-06-10T15:26:03 CST" duration-ms="5299" status="PASS">
          <reporter-output>
          </reporter-output>
        </test-method> <!-- launchDriver -->
        <test-method signature="OrderHistoryTest(java.util.HashMap)[pri:0, instance:devenik.Tests.SubmitOrderTest@6e2829c7]" started-at="2024-06-10T15:26:03 CST" name="OrderHistoryTest" data-provider="getData" finished-at="2024-06-10T15:26:05 CST" depends-on-methods="devenik.Tests.SubmitOrderTest.SubmitOrder" duration-ms="1316" status="PASS">
          <params>
            <param index="0">
              <value>
                <![CDATA[{password=Password456, product=ADIDAS ORIGINAL, email=devenik2@email.com}]]>
              </value>
            </param>
          </params>
          <reporter-output>
          </reporter-output>
        </test-method> <!-- OrderHistoryTest -->
        <test-method is-config="true" signature="closeDriver()[pri:0, instance:devenik.Tests.SubmitOrderTest@6e2829c7]" started-at="2024-06-10T15:26:05 CST" name="closeDriver" finished-at="2024-06-10T15:26:05 CST" duration-ms="154" status="PASS">
          <reporter-output>
          </reporter-output>
        </test-method> <!-- closeDriver -->
      </class> <!-- devenik.Tests.SubmitOrderTest -->
    </test> <!-- Submit Order Test -->
  </suite> <!-- Suite -->
</testng-results>
